core/build/intermediates/manifest_merge_blame_file/debug/manifest-merger-blame-debug-report.txt
1<?xml version="1.0" encoding="utf-8"?>
2<!--
3  ~ Created by Muhammad Yashlan Iskandar on 6/25/22, 4:19 PM
4  ~ Last modified 6/25/22, 2:08 PM
5-->
6<manifest xmlns:android="http://schemas.android.com/apk/res/android"
7    package="com.yashlan.core" >
8
9    <uses-sdk
10        android:minSdkVersion="21"
10-->src\main\AndroidManifest.xml
11        android:targetSdkVersion="32" />
11-->src\main\AndroidManifest.xml
12
13</manifest>